
undefined /api/contacts/ 14-02-2024_05:12:03
undefined /api/contacts/qdggE76Jtbfd9eWJHrssH 14-02-2024_05:12:50
undefined /api/contacts/qdggE76Jtbfd9eWJHrssH2 14-02-2024_05:13:25
undefined /api/contacts/ 14-02-2024_05:18:39
undefined /api/contacts/ 14-02-2024_05:19:48
undefined /api/contactaas/ 14-02-2024_05:19:56
undefined /api/contactaas/sa 14-02-2024_05:20:09
undefined /api/contacts/ 14-02-2024_05:20:34
undefined /api/contacts/ 14-02-2024_05:42:03
undefined /api/contacts 14-02-2024_05:47:00
undefined /api/contacts 14-02-2024_05:47:14
undefined /api/contacts 14-02-2024_05:47:33
undefined /api/contacts 14-02-2024_05:47:55
undefined /api/contacts 14-02-2024_05:48:37
undefined /api/contacts 14-02-2024_05:51:17
undefined /api/contacts 14-02-2024_05:52:39
undefined /api/contacts 14-02-2024_05:53:06
undefined /api/contacts 14-02-2024_06:05:49
undefined /api/contacts 14-02-2024_06:05:49
undefined /api/contacts/qdggE76Jtbfd9eWJHrssH 14-02-2024_07:26:42
undefined /api/contacts/qdggE76Jtbfd9eWJHrssHsd 14-02-2024_07:26:48
undefined /api/contacts/ 14-02-2024_07:33:44
undefined /api/contacts/qdggE76Jtbfd9eWJHrssH 14-02-2024_07:33:54
undefined /api/contacts/qdggE76Jtbfd9eWJHrssHss 14-02-2024_07:33:58
undefined /api/contacts/qdggE76Jtbfd9eWJHrssH 14-02-2024_07:40:15
undefined /api/contacts/qdggE76Jtbfd9eWJHrssHll 14-02-2024_07:40:19
undefined /api/contacts/qdggE76Jtbfd9eWJHrssH 14-02-2024_07:40:21
undefined /api/contacts/ 14-02-2024_07:55:16
undefined /api/contacts/vza2RIzNGIwutCVCs4mCL 14-02-2024_07:55:25
undefined /api/contacts/vza2RIzNGIwutCVCs4mCL2 14-02-2024_07:55:29
undefined /api/contacts/vza2RIzNGIwutCVCs4mCL2 14-02-2024_07:56:12
undefined /api/contacts/vza2RIzNGIwutCVCs4mCL2 14-02-2024_07:56:39
undefined /api/contacts/ 14-02-2024_07:59:04
undefined /api/contacts/qdggE76Jtbfd9eWJHrssH 14-02-2024_07:59:11
undefined /api/contacts/qdggE76Jtbfd9eWJHrssHs 14-02-2024_07:59:16
undefined /api/contacts/qdggE76Jtbfd9eWJHrssH 14-02-2024_07:59:35
undefined /api/contacts/qdggE76Jtbfd9eWJHrssHsd 14-02-2024_07:59:39
undefined /api/contactds/ 14-02-2024_08:00:42
undefined /api/contacts/ 14-02-2024_08:00:59
undefined /api/contacts/2 14-02-2024_08:01:05
undefined /api/contactss/ 14-02-2024_08:01:15
undefined /api/contacts/ 14-02-2024_08:28:32
undefined /api/contacts/ 14-02-2024_08:30:54
undefined /api/contacts/ 14-02-2024_08:31:56
undefined /api/contacts/ 14-02-2024_08:32:08
undefined /api/contacts/ 14-02-2024_08:34:30
undefined /api/contacts/ 14-02-2024_08:34:55
undefined /api/contacts/ 14-02-2024_08:40:03
undefined /api/contacts/ 14-02-2024_08:40:46
undefined /api/contacts/ 14-02-2024_10:27:23
undefined /api/contacts/KeDpNl9udlBSH9gD2b8E1 14-02-2024_10:28:57
undefined /api/contacts/KeDpNl9udlBSH9gD2b8E1 14-02-2024_10:29:49
undefined /api/contacts/p4n9pWDcrCVI4kchnn07f 14-02-2024_10:39:37
undefined /api/contacts/Jx-eYYWiAzCK-7mj09S70 14-02-2024_10:40:12
undefined /api/contacts/PsmMKWJhnft2hB-YhB4pf 14-02-2024_10:42:22
undefined /api/contacts/ 14-02-2024_10:54:59
undefined /api/contacts/qdggE76Jtbfd9eWJHrssH 14-02-2024_10:55:23
undefined /api/contacts/ 14-02-2024_10:56:20
undefined /api/contacts/ 14-02-2024_11:30:18
undefined /api/contactps/ 14-02-2024_11:30:31
undefined /api/contacts/ 14-02-2024_11:30:38
undefined /api/contacts/qdggE76Jtbfd9eWJHrssH 14-02-2024_11:30:46
undefined /api/contacts/qdggE76Jtbfd9eWJHrssHs 14-02-2024_11:30:51
undefined /api/contacts/ 15-02-2024_12:16:25
undefined /api/contacts/C9sjBfCo4UJCWjzBnOtxl 15-02-2024_12:16:34
undefined /api/contacts/C9sjBfCo4UJCWjzBnOtxlas 15-02-2024_12:16:38
undefined /api/contacts/C9sjBfCo4UJCWjzBnOtxl 15-02-2024_12:16:47
undefined /api/contacts/ 15-02-2024_12:17:03
undefined /api/contactas/ 15-02-2024_12:17:08
undefined /api/contacts/ 15-02-2024_12:17:15
undefined /api/contacts/ 15-02-2024_12:17:51
undefined /api/contacts/ 15-02-2024_12:18:32
undefined /api/contacts/ 15-02-2024_12:18:42
undefined /api/contacts/ 15-02-2024_12:18:54
undefined /api/contacts/ 15-02-2024_12:19:02
undefined /api/contacts/ 15-02-2024_12:19:08
undefined /api/contacts/ 15-02-2024_12:19:13
undefined /api/contacts/ 15-02-2024_12:19:21
undefined /api/contacts/e_GQjy3lL2ayNKTP_5Jt0 15-02-2024_12:20:15
undefined /api/contacts/e_GQjy3lL2ayNKTP_5Jt0 15-02-2024_12:20:32
undefined /api/contacts/e_GQjy3lL2ayNKTP_5Jt0 15-02-2024_12:21:03
undefined /api/contacts/e_GQjy3lL2ayNKTP_5Jt0 15-02-2024_12:21:29
undefined /api/contacts/e_GQjy3lL2ayNKTP_5Jt0 15-02-2024_12:22:02
undefined /api/contacts/e_GQjy3lL2ayNKTP_5Jt0 15-02-2024_12:22:23
undefined /api/contacts/e_GQjy3lL2ayNKTP_5Jt0sd 15-02-2024_12:22:32
undefined /api/contacts/hl9_l-B9-BreWadBzf5PO 15-02-2024_12:22:47
DELETE /api/contacts/sq6sWN9-gTMB3HkWFjF5t 15-02-2024_12:25:49
DELETE /api/contacts/sq6sWN9-gTMB3HkWFjF5tsad 15-02-2024_12:26:04
OPTIONS /api/contacts 15-02-2024_12:29:46
GET /api/contacts 15-02-2024_12:29:46
GET /api/contacts/ 15-02-2024_12:37:56
OPTIONS /api/contacts 15-02-2024_12:38:06
GET /api/contacts 15-02-2024_12:38:06
GET /api/contacts 15-02-2024_12:38:21
GET /api/contacts/1DEXoP8AuCGYc1YgoQ6hw 15-02-2024_12:39:47
GET /api/contacts/1DEXoP8AuCGYc1YgoQ6hwsd 15-02-2024_12:39:50
DELETE /api/contacts/wAEEIDklRGugWUS06hoUG 15-02-2024_12:41:04
PUT /api/contacts/e_GQjy3lL2ayNKTP_5Jt0 15-02-2024_12:42:04
PUT /api/contacts/e_GQjy3lL2ayNKTP_5Jt0 15-02-2024_12:42:19
POST /api/contacts/ 15-02-2024_12:43:10
DELETE /api/contacts/GYWLQLvuANN99k0aUtfah 15-02-2024_12:43:36
POST /api/contacts/ 15-02-2024_12:43:53
POST /api/contacts/ 15-02-2024_12:55:54
PUT /api/contacts/qU4-dcsb5L1e1AIRanVQw 15-02-2024_12:56:30
PUT /api/contacts/qU4-dcsb5L1e1AIRanVQw 15-02-2024_12:57:33
PUT /api/contacts/qU4-dcsb5L1e1AIRanVQw 15-02-2024_12:58:34
PUT /api/contacts/qU4-dcsb5L1e1AIRanVQw 15-02-2024_01:06:33
PUT /api/contacts/qU4-dcsb5L1e1AIRanVQw 15-02-2024_01:07:22
PUT /api/contacts/qU4-dcsb5L1e1AIRanVQw 15-02-2024_01:21:45
PUT /api/contacts/qU4-dcsb5L1e1AIRanVQw 15-02-2024_01:40:22
PUT /api/contacts/qU4-dcsb5L1e1AIRanVQw 15-02-2024_01:41:48
PUT /api/contacts/qU4-dcsb5L1e1AIRanVQw 15-02-2024_01:43:19
PUT /api/contacts/qU4-dcsb5L1e1AIRanVQw 15-02-2024_01:45:18
PUT /api/contacts/qU4-dcsb5L1e1AIRanVQw 15-02-2024_01:57:02
PUT /api/contacts/qU4-dcsb5L1e1AIRanVQw 15-02-2024_01:57:43
GET /api/contacts/ 15-02-2024_01:58:19
PUT /api/contacts/qU4-dcsb5L1e1AIRanVQw 15-02-2024_02:04:16
PUT /api/contacts/qU4-dcsb5L1e1AIRanVQw 15-02-2024_02:04:39
PUT /api/contacts/qU4-dcsb5L1e1AIRanVQw 15-02-2024_02:06:11
GET /api/contacts/ 15-02-2024_02:06:42
PUT /api/contacts/qU4-dcsb5L1e1AIRanVQw 15-02-2024_02:07:06
GET /api/contacts/ 15-02-2024_02:07:53
PUT /api/contacts/qU4-dcsb5L1e1AIRanVQw 15-02-2024_02:12:45
PUT /api/contacts/qU4-dcsb5L1e1AIRanVQw 15-02-2024_02:13:19
GET /api/contacts/ 15-02-2024_02:14:01
PUT /api/contacts/qU4-dcsb5L1e1AIRanVQw 15-02-2024_02:14:23
PUT /api/contacts/qU4-dcsb5L1e1AIRanVQw 15-02-2024_02:14:45
GET /api/contacts/ 15-02-2024_02:17:08
PUT /api/contacts/qU4-dcsb5L1e1AIRanVQw 15-02-2024_02:17:28
PUT /api/contacts/qU4-dcsb5L1e1AIRanVQw 15-02-2024_02:18:20
GET /api/contacts/ 15-02-2024_02:26:36
PUT /api/contacts/qU4-dcsb5L1e1AIRanVQw 15-02-2024_02:26:57
GET /api/contacts/ 15-02-2024_02:27:06
PUT /api/contacts/qU4-dcsb5L1e1AIRanVQw 15-02-2024_02:27:33
PUT /api/contacts/qU4-dcsb5L1e1AIRanVQw 15-02-2024_02:28:42
PUT /api/contacts/qU4-dcsb5L1e1AIRanVQwq 15-02-2024_02:36:00
PUT /api/contacts/qU4-dcsb5L1e1AIRanVQwq 15-02-2024_02:37:34
PUT /api/contacts/qU4-dcsb5L1e1AIRanVQwq 15-02-2024_02:38:57
PUT /api/contacts/qU4-dcsb5L1e1AIRanVQ 15-02-2024_02:39:17
GET /api/contacts/ 15-02-2024_02:39:34
PUT /api/contacts/qU4-dcsb5L1e1AIRanVQw 15-02-2024_02:40:00
GET /api/contacts/ 15-02-2024_02:40:29
PUT /api/contacts/qU4-dcsb5L1e1AIRanVQw2 15-02-2024_02:40:52
PUT /api/contacts/qU4-dcsb5L1e1AIRanVQw2 15-02-2024_02:43:04
GET /api/contacts/ 15-02-2024_02:43:15
PUT /api/contacts/qU4-dcsb5L1e1AIRanVQw 15-02-2024_02:44:06
GET /api/contacts/ 15-02-2024_02:44:12
PUT /api/contacts/qU4-dcsb5L1e1AIRanVQw2 15-02-2024_02:44:34
PUT /api/contacts/qU4-dcsb5L1e1AIRanVQw2 15-02-2024_02:47:29
GET /api/contacts/ 15-02-2024_02:58:11
PUT /api/contacts/qU4-dcsb5L1e1AIRanVQw2 15-02-2024_02:58:26
PUT /api/contacts/qU4-dcsb5L1e1AIRanVQw 15-02-2024_02:58:33
GET /api/contacts/ 15-02-2024_02:58:39
PUT /api/contacts/qU4-dcsb5L1e1AIRanVQw 15-02-2024_03:09:50
PUT /api/contacts/qU4-dcsb5L1e1AIRanVQw2 15-02-2024_03:10:00
PUT /api/contacts/qU4-dcsb5L1e1AIRanVQw2 15-02-2024_03:10:59
PUT /api/contacts/qU4-dcsb5L1e1AIRanVQw2a 15-02-2024_03:11:49
PUT /api/contacts/qU4-dcsb5L1e1AIRanVQw 15-02-2024_03:12:04
PUT /api/contacts/qU4-dcsb5L1e1AIRanVQw 15-02-2024_03:13:37
PUT /api/contacts/qU4-dcsb5L1e1AIRanVQw 15-02-2024_03:15:40
PUT /api/contacts/qU4-dcsb5L1e1AIRanVQw 15-02-2024_03:16:27
GET /api/contacts/ 15-02-2024_03:16:36
PUT /api/contacts/qU4-dcsb5L1e1AIRanVQw 15-02-2024_03:16:57
PUT /api/contacts/qU4-dcsb5L1e1AIRanVQw 15-02-2024_03:18:38
PUT /api/contacts/qU4-dcsb5L1e1AIRanVQw 15-02-2024_03:19:07
PUT /api/contacts/qU4-dcsb5L1e1AIRanVQw1 15-02-2024_03:19:22
GET /api/contacts/ 15-02-2024_10:31:25
PUT /api/contacts/qU4-dcsb5L1e1AIRanVQw 15-02-2024_10:33:02
PUT /api/contacts/qU4-dcsb5L1e1AIRanVQws 15-02-2024_10:33:44
GET /api/contacts/ 15-02-2024_10:37:43
PUT /api/contacts/qU4-dcsb5L1e1AIRanVQws 15-02-2024_10:38:09
PUT /api/contacts/qU4-dcsb5L1e1AIRanVQw 15-02-2024_10:39:01
PUT /api/contacts/qU4-dcsb5L1e1AIRanVQwsd 15-02-2024_10:40:12
PUT /api/contacts/qU4-dcsb5L1e1AIRanVQw 15-02-2024_10:40:27
PUT /api/contacts/qU4-dcsb5L1e1AIRanVQw 15-02-2024_10:41:29
PUT /api/contacts/qU4-dcsb5L1e1AIRanVQw 15-02-2024_10:43:49
PUT /api/contacts/qU4-dcsb5L1e1AIRanVQw1 15-02-2024_10:44:06
PUT /api/contacts/qU4-dcsb5L1e1AIRanVQw 15-02-2024_10:47:32
PUT /api/contacts/qU4-dcsb5L1e1AIRanVQw1 15-02-2024_10:47:44
PUT /api/contacts/qU4-dcsb5L1e1AIRanVQw 15-02-2024_10:49:52
PUT /api/contacts/qU4-dcsb5L1e1AIRanVQw1 15-02-2024_10:50:40
PUT /api/contacts/qU4-dcsb5L1e1AIRanVQw 15-02-2024_12:56:16
GET /api/contacts/ 15-02-2024_12:56:28
PUT /api/contacts/qU4-dcsb5L1e1AIRanVQw2 15-02-2024_12:56:45
PUT /api/contacts/qU4-dcsb5L1e1AIRanVQw2 15-02-2024_12:59:15
PUT /api/contacts/qU4-dcsb5L1e1AIRanVQw 15-02-2024_01:00:47
PUT /api/contacts/qU4-dcsb5L1e1AIRanVQw2 15-02-2024_01:02:07
PUT /api/contacts/qU4-dcsb5L1e1AIRanVQw 15-02-2024_01:04:35
PUT /api/contacts/qU4-dcsb5L1e1AIRanVQw2 15-02-2024_01:05:17
PUT /api/contacts/qU4-dcsb5L1e1AIRanVQw 15-02-2024_01:06:59
PUT /api/contacts/qU4-dcsb5L1e1AIRanVQw2 15-02-2024_01:07:43
PUT /api/contacts/qU4-dcsb5L1e1AIRanVQw2 15-02-2024_01:12:46
PUT /api/contacts/qU4-dcsb5L1e1AIRanVQw 15-02-2024_01:13:59
PUT /api/contacts/qU4-dcsb5L1e1AIRanVQw2 15-02-2024_01:14:05
PUT /api/contacts/qU4-dcsb5L1e1AIRanVQw 15-02-2024_01:16:00
GET /api/contacts/ 15-02-2024_01:16:14
PUT /api/contacts/qU4-dcsb5L1e1AIRanVQw2 15-02-2024_01:16:34
GET /api/contacts/ 15-02-2024_01:16:53
PUT /api/contacts/qU4-dcsb5L1e1AIRanVQw 15-02-2024_01:17:08
GET /api/contacts/ 15-02-2024_01:17:13
POST /api/contacts/ 15-02-2024_01:24:23
GET /api/contacts/ 15-02-2024_01:24:34
PUT /api/contacts/0PpEILLFbHU5ARBNY0VX0 15-02-2024_01:25:04
PUT /api/contacts/0PpEILLFbHU5ARBNY0VX0 15-02-2024_01:26:16
PUT /api/contacts/0PpEILLFbHU5ARBNY0VX02 15-02-2024_01:26:22
PUT /api/contacts/0PpEILLFbHU5ARBNY0VX02 15-02-2024_01:26:46
PUT /api/contacts/0PpEILLFbHU5ARBNY0VX0 15-02-2024_01:26:52
GET /api/contacts/ 15-02-2024_01:27:03
DELETE /api/contacts/GYWLQLvuANN99k0aUtfah 15-02-2024_01:27:19
DELETE /api/contacts/0PpEILLFbHU5ARBNY0VX0 15-02-2024_01:27:25
OPTIONS /api/contacts 15-02-2024_01:32:48
GET /api/contacts 15-02-2024_01:32:48
GET /api/contacts 15-02-2024_01:33:13
OPTIONS /api/contacts 15-02-2024_02:39:55
GET /api/contacts 15-02-2024_02:39:55
GET /api/contacts 15-02-2024_03:10:43
GET /api/contacts/ 15-02-2024_04:58:33
PUT /api/contacts/qU4-dcsb5L1e1AIRanVQw 15-02-2024_04:59:17
GET /api/contacts/ 15-02-2024_04:59:24
PUT /api/contacts/qU4-dcsb5L1e1AIRanVQw2 15-02-2024_04:59:52
PUT /api/contacts/qU4-dcsb5L1e1AIRanVQw 15-02-2024_05:00:20
GET /api/contacts/ 15-02-2024_05:00:27
PUT /api/contacts/qU4-dcsb5L1e1AIRanVQw 15-02-2024_07:17:40
PUT /api/contacts/qU4-dcsb5L1e1AIRanVQw 15-02-2024_07:17:56
GET /api/contacts/ 15-02-2024_07:18:07
PUT /api/contacts/qU4-dcsb5L1e1AIRanVQw 15-02-2024_07:18:26
GET /api/contacts/ 15-02-2024_07:18:39
GET /api/contacts/ 16-02-2024_01:24:02
GET /api/contacts/ 16-02-2024_01:24:06
GET /api/contacts/ 16-02-2024_04:25:06
GET /api/contacts/65ce87e5705d777e257f82b7 16-02-2024_04:54:02
GET /api/contacts/sadsadsad 16-02-2024_04:54:47
GET /api/contacts/sadsadsad 16-02-2024_04:55:33
GET /api/contacts/ 16-02-2024_04:55:42
GET /api/contacts/65ce87e5705d777e257f82b7 16-02-2024_04:55:47
GET /api/contacts/65ce87e5705d777e257f82b7d 16-02-2024_05:10:08
GET /api/contacts/sdfsdfsdfsdf 16-02-2024_05:10:19
GET /api/contacts/ 16-02-2024_05:10:34
GET /api/contacts/65ce87e5705d777e257f82b8 16-02-2024_05:10:43
GET /api/contacts/2 16-02-2024_05:10:50
GET /api/contacts/2 16-02-2024_05:12:34
GET /api/contacts/ 16-02-2024_05:27:49
GET /api/contacts/65ce87e5705d777e257f82b7 16-02-2024_05:28:02
GET /api/contacts/65ce87e5705d777e257f82b2 16-02-2024_05:28:10
GET /api/contacts/2 16-02-2024_05:28:18
GET /api/contacts/ 16-02-2024_05:37:00
GET /api/contacts/65ce87e5705d777e257f82b7 16-02-2024_05:37:08
GET /api/contacts/6 16-02-2024_05:37:15
GET /api/contacts/ 16-02-2024_05:48:34
GET /api/contacts/ 16-02-2024_06:22:34
GET /api/contacts/65ce87e5705d777e257f82b7 16-02-2024_06:22:43
GET /api/contacts/65ce87e5705d777e257f82b7sd 16-02-2024_06:22:48
GET /api/contacts/65ce87e5705d777e257f82b 16-02-2024_06:22:56
GET /api/contacts/ 16-02-2024_06:23:06
POST /api/contacts/ 16-02-2024_06:24:23
GET /api/contacts/ 16-02-2024_06:24:38
POST /api/contacts/ 16-02-2024_06:24:58
POST /api/contacts/ 16-02-2024_06:25:14
POST /api/contacts/ 16-02-2024_06:25:21
POST /api/contacts/ 16-02-2024_06:25:39
GET /api/contacts/ 16-02-2024_06:25:59
DELETE /api/contacts/0PpEILLFbHU5ARBNY0VX0 16-02-2024_06:26:31
DELETE /api/contacts/65cf8c83c804b3d456847afe 16-02-2024_06:26:57
DELETE /api/contacts/65cf8c83c804b3d456847afe 16-02-2024_06:27:28
DELETE /api/contacts/65cf8c83c804b3d456847a 16-02-2024_06:27:40
DELETE /api/contacts/65cf8c83c804b3d456847afa 16-02-2024_06:27:50
DELETE /api/contacts/65cf8c83c804b3d456847afa 16-02-2024_06:37:03
PATCH /api/contacts/65cf8c83c804b3d456847afe/favorite 16-02-2024_06:40:08
GET /api/contacts/ 16-02-2024_06:40:18
PATCH /api/contacts/65cf8c83c804b3d456847afe/favorite 16-02-2024_06:40:40
PATCH /api/contacts/65cf8c83c804b3d456847afe/favorite 16-02-2024_06:40:50
GET /api/contacts/ 16-02-2024_06:41:03
PATCH /api/contacts/65cf8c83c804b3d456847afe/favorite 16-02-2024_06:41:24
GET /api/contacts/ 16-02-2024_06:41:29
PATCH /api/contacts/65cf8c83c804b3d456847afa/favorite 16-02-2024_06:41:44
PATCH /api/contacts/65cf8c83c804b3d456847afe/favorite 16-02-2024_06:41:54
PUT /api/contacts/65cf8c83c804b3d456847afe 16-02-2024_06:43:00
GET /api/contacts/ 16-02-2024_06:43:19
PUT /api/contacts/65cf8c83c804b3d456847afe 16-02-2024_06:44:44
GET /api/contacts/ 16-02-2024_06:44:52
PUT /api/contacts/65cf8c83c804b3d456847afe1 16-02-2024_06:45:07
PUT /api/contacts/65cf8c83c804b3d456847afa 16-02-2024_06:45:15
PUT /api/contacts/65cf8c83c804b3d456847afe 16-02-2024_06:45:23
DELETE /api/contacts/65cf8c83c804b3d456847afa 16-02-2024_07:10:42
DELETE /api/contacts/65cf8c83c804b3d456847afas 16-02-2024_07:10:53
DELETE /api/contacts/65cf8c83c804b3d456847afassssssss 16-02-2024_07:10:57
DELETE /api/contacts/65cf8c38c804b3d456847afb 16-02-2024_07:11:29
DELETE /api/contacts/ 16-02-2024_07:11:38
DELETE /api/contacts/s 16-02-2024_07:11:45
DELETE /api/contacts/s 16-02-2024_07:13:10
DELETE /api/contacts/65cf8c38c804b3d456847afb 16-02-2024_07:13:57
GET /goit-react-test-Vimeo-API 16-02-2024_08:39:14
GET /favicon.ico 16-02-2024_08:39:15
POST /api/auth/register 17-02-2024_10:53:56
POST /api/auth/register 17-02-2024_11:07:15
POST /api/auth/register 17-02-2024_11:22:57
POST /api/auth/register 17-02-2024_11:23:00
POST /api/auth/register 17-02-2024_11:23:28
POST /api/auth/register 17-02-2024_11:24:49
POST /api/auth/register 17-02-2024_11:25:01
POST /api/auth/register 17-02-2024_11:26:03
POST /api/auth/register 17-02-2024_11:26:48
POST /api/auth/register 17-02-2024_11:27:00
POST /api/auth/register 17-02-2024_11:27:33
POST /api/auth/register 17-02-2024_11:27:48
POST /api/auth/register 17-02-2024_11:29:28
POST /api/auth/register 17-02-2024_11:30:14
POST /api/auth/register 17-02-2024_11:59:40
POST /api/auth/register 18-02-2024_12:02:11
POST /api/auth/register 18-02-2024_12:02:19
POST /api/auth/register 18-02-2024_08:11:51
POST /api/auth/login 18-02-2024_08:13:29
POST /api/auth/login 18-02-2024_08:15:20
POST /api/auth/login 18-02-2024_08:15:30
POST /api/auth/login 18-02-2024_08:21:32
POST /api/auth/login 18-02-2024_08:21:53
POST /api/auth/login 18-02-2024_08:22:02
POST /api/auth/login 18-02-2024_08:22:11
POST /api/auth/login 18-02-2024_08:22:21
GET /api/contacts/ 18-02-2024_10:36:02
GET /api/contacts/ 18-02-2024_10:36:21
GET /api/contacts/ 18-02-2024_10:36:25
GET /api/contacts/ 18-02-2024_10:36:52
GET /api/contacts/ 18-02-2024_10:37:05
GET /api/contacts/ 18-02-2024_10:37:39
GET /api/contacts/ 18-02-2024_10:38:00
GET /api/contacts/ 18-02-2024_10:38:06
POST /api/auth/register 18-02-2024_10:57:22
POST /api/auth/login 18-02-2024_10:58:47
POST /api/contacts/ 18-02-2024_11:12:09
POST /api/contacts/ 18-02-2024_11:12:49
POST /api/contacts/ 18-02-2024_11:16:03
POST /api/contacts/ 18-02-2024_11:16:43
POST /api/contacts/ 18-02-2024_11:17:43
POST /api/contacts/ 18-02-2024_11:19:22
POST /api/contacts/ 18-02-2024_11:19:43
POST /api/contacts/ 18-02-2024_11:19:45
POST /api/contacts/ 18-02-2024_11:19:46
POST /api/contacts/ 18-02-2024_11:24:39
POST /api/contacts/ 18-02-2024_11:26:29
POST /api/contacts/ 18-02-2024_11:27:09
POST /api/contacts/ 18-02-2024_11:27:54
POST /api/contacts/ 18-02-2024_11:28:10
GET /api/contacts/ 18-02-2024_11:28:23
POST /api/contacts/ 18-02-2024_11:28:52
POST /api/contacts/ 18-02-2024_11:30:15
POST /api/contacts/ 18-02-2024_11:30:25
POST /api/contacts/ 18-02-2024_11:30:58
POST /api/contacts/ 18-02-2024_11:37:08
POST /api/contacts/ 18-02-2024_11:37:29
POST /api/contacts/ 18-02-2024_11:37:46
POST /api/contacts/ 18-02-2024_01:51:39
POST /api/contacts/ 18-02-2024_01:51:56
POST /api/auth/register 18-02-2024_01:57:15
POST /api/auth/register 18-02-2024_01:57:22
POST /api/auth/login 18-02-2024_01:58:46
POST /api/contacts/ 18-02-2024_01:59:46
POST /api/auth/login 18-02-2024_02:01:30
POST /api/auth/login 18-02-2024_02:01:35
GET /api/contacts/ 18-02-2024_02:07:56
GET /api/contacts/ 18-02-2024_02:08:38
GET /api/contacts/ 18-02-2024_02:10:15
GET /api/contacts/ 18-02-2024_02:10:39
POST /api/contacts/ 18-02-2024_02:11:15
GET /api/contacts/ 18-02-2024_02:11:22
GET /api/contacts/ 18-02-2024_02:11:25
POST /api/contacts/ 18-02-2024_02:11:42
GET /api/contacts/ 18-02-2024_02:12:12
GET /api/contacts/ 18-02-2024_02:12:31
GET /api/contacts/ 18-02-2024_02:12:53
POST /api/auth/login 18-02-2024_02:13:49
GET /api/contacts/ 18-02-2024_02:52:46
POST /api/contacts/ 18-02-2024_02:53:23
GET /api/contacts/ 18-02-2024_02:53:41
GET /api/contacts/ 18-02-2024_02:54:22
GET /api/contacts/ 18-02-2024_02:54:27
GET /api/contacts/ 18-02-2024_02:54:44
GET /api/contacts/ 18-02-2024_02:55:07
GET /api/contacts/ 18-02-2024_02:55:41
GET /api/contacts/ 18-02-2024_02:56:10
GET /api/contacts/ 18-02-2024_02:56:22
POST /api/auth/login 19-02-2024_02:29:13
POST /api/auth/login 19-02-2024_02:34:13
POST /api/contacts/ 19-02-2024_02:36:05
POST /api/contacts/ 19-02-2024_02:36:20
GET /api/contacts/ 19-02-2024_02:37:21
POST /api/contacts/ 19-02-2024_02:38:12
POST /api/contacts/ 19-02-2024_02:38:24
POST /api/contacts/ 19-02-2024_02:38:45
POST /api/contacts/ 19-02-2024_02:39:10
POST /api/contacts/ 19-02-2024_02:39:24
GET /api/contacts/ 19-02-2024_02:39:32
GET /api/contacts/65d34b359afc75f8a924b60a 19-02-2024_02:41:21
GET /api/contacts/ 19-02-2024_02:41:28
PUT /api/contacts/65d34b359afc75f8a924b60a 19-02-2024_02:44:57
PUT /api/contacts/65d34b359afc75f8a924b60a 19-02-2024_02:45:41
DELETE /api/contacts/65d34b449afc75f8a924b60d 19-02-2024_03:28:22
GET /api/contacts/ 19-02-2024_03:28:40
PATCH /api/contacts/65d34bb49afc75f8a924b613/favorite 19-02-2024_03:29:54
GET /api/contacts/ 19-02-2024_03:30:06
POST /api/auth/register 19-02-2024_03:32:56
GET /users/current 19-02-2024_03:36:32
GET /users/current 19-02-2024_03:37:46
GET /users/current 19-02-2024_03:38:09
GET /users/current 19-02-2024_03:40:09
GET /users/current 19-02-2024_03:42:45
GET /users/current 19-02-2024_03:42:58
GET /users/logout 19-02-2024_03:43:56
GET /logout 19-02-2024_03:44:08
GET /current 19-02-2024_03:44:25
GET /api/auth/users/current 19-02-2024_04:54:32
GET /goit-react-test-Vimeo-API 19-02-2024_05:04:33
GET /favicon.ico 19-02-2024_05:04:34
GET /api/contacts?page=1&limit=2 19-02-2024_05:26:51
GET /api/contacts?page=2&limit=2 19-02-2024_05:27:13
GET /api/contacts?page=3&limit=2 19-02-2024_05:27:26
GET /api/contacts 19-02-2024_05:27:34
GET /api/contacts?page=1&limit=3 19-02-2024_05:28:04
GET /api/contacts?page=2&limit=3 19-02-2024_05:28:16
GET /api/auth/users/logout 19-02-2024_05:29:43
POST /api/auth/users/logout 19-02-2024_05:30:06
POST /users/logout 19-02-2024_08:43:42
POST /users/login 19-02-2024_08:44:15
GET /api/contacts?page=2&limit=3 19-02-2024_08:44:36
POST /users/register 19-02-2024_08:48:17
POST /users/register 19-02-2024_08:49:44
POST /users/register 19-02-2024_08:56:00
POST /users/register 19-02-2024_08:56:29
POST /users/register 19-02-2024_08:57:56
POST /users/register 19-02-2024_08:58:14
POST /users/register 19-02-2024_08:59:39
POST /users/register 19-02-2024_09:00:01
POST /users/register 19-02-2024_09:27:20
POST /users/register 19-02-2024_09:27:35
POST /users/register 19-02-2024_09:28:07
POST /users/register 19-02-2024_09:28:21
POST /users/register 19-02-2024_09:28:49
POST /users/register 19-02-2024_09:29:01
GET /users/register 19-02-2024_09:29:10
POST /users/register 19-02-2024_09:29:16
POST /users/register 19-02-2024_09:29:30
POST /users/login 19-02-2024_09:30:02
POST /users/login 19-02-2024_09:30:14
POST /users/login 19-02-2024_09:30:21
POST /users/login 19-02-2024_09:56:44
POST /users/login 19-02-2024_09:57:17
POST /users/register 19-02-2024_09:57:42
POST /users/register 19-02-2024_09:58:15
POST /users/register 19-02-2024_10:00:02
POST /users/register 19-02-2024_10:00:11
POST /users/register 19-02-2024_10:01:14
POST /users/login 19-02-2024_10:16:50
POST /users/login 19-02-2024_10:17:34
POST /users/register 19-02-2024_10:22:27
POST /users/register 19-02-2024_10:22:34
POST /users/register 19-02-2024_10:23:54
POST /users/register 19-02-2024_10:24:00
POST /users/register 19-02-2024_10:24:47
PATCH /users/ 20-02-2024_12:09:31
PATCH /users/ 20-02-2024_12:12:21
PATCH /users/ 20-02-2024_12:14:48
PATCH /users/ 20-02-2024_12:16:46
PATCH /users/ 20-02-2024_12:16:55
PATCH /users/ 20-02-2024_12:17:01
PATCH /users/ 20-02-2024_12:17:31
PATCH /users/ 20-02-2024_12:20:10
PATCH /users/ 20-02-2024_12:20:51
PATCH /users/ 20-02-2024_12:28:17
PATCH /users/ 20-02-2024_12:28:25
PATCH /users/ 20-02-2024_12:30:48
PATCH /users/ 20-02-2024_12:30:54
GET /api/contacts?favorite=true 20-02-2024_01:13:48
GET /api/contacts 20-02-2024_01:14:11
POST /users/register 20-02-2024_06:59:16
POST /users/register 20-02-2024_06:59:37
PATCH /avatars 21-02-2024_11:01:33
PATCH /avatars 21-02-2024_11:02:02
POST /avatars 21-02-2024_11:06:50
POST /avatars 21-02-2024_11:19:46
POST /avatars 22-02-2024_12:28:09
POST /avatars 22-02-2024_12:30:19
POST /avatars 22-02-2024_12:31:13
POST /avatars 22-02-2024_12:32:09
POST /users/register 22-02-2024_04:53:45
POST /users/register 22-02-2024_05:00:02
POST /users/register 22-02-2024_05:00:22
POST /avatars 22-02-2024_06:02:00
POST /users/avatars 22-02-2024_06:05:46
POST /users/login 22-02-2024_06:08:22
POST /users/avatars 22-02-2024_06:10:36
POST /users/avatars 22-02-2024_06:10:47
PATCH /users/avatars 22-02-2024_06:12:20
PATCH /users/avatars 22-02-2024_06:27:59
PATCH /users/avatars 22-02-2024_06:30:58
PATCH /users/avatars 22-02-2024_06:32:05
PATCH /users/avatars 22-02-2024_08:41:29
PATCH /users/avatars 22-02-2024_08:42:03
POST /api/contacts/ 22-02-2024_10:04:13
POST /users/login 22-02-2024_10:04:43
POST /api/contacts/ 22-02-2024_10:05:21
PUT /api/contacts/65d7a9014e0db910a441c21e 22-02-2024_10:10:03
PUT /api/contacts/65d7a9014e0db910a441c21e 22-02-2024_10:10:44
PATCH /users/avatars 22-02-2024_10:13:43
PATCH /users/avatars 22-02-2024_10:15:17
PATCH /users/avatars 22-02-2024_10:16:31
PATCH /users/avatars 22-02-2024_10:18:09
GET /api/contacts 22-02-2024_10:27:27
GET /api/contacts 22-02-2024_10:28:35
GET /api/contacts 22-02-2024_10:28:55
GET /api/contacts 22-02-2024_10:28:58
GET /api/contacts 22-02-2024_10:28:58
GET /api/contacts 22-02-2024_10:28:59
GET /api/contacts 22-02-2024_10:28:59
GET /api/contacts 22-02-2024_10:29:00
GET /api/contacts 22-02-2024_10:29:03
GET /api/contacts 22-02-2024_10:29:04
GET /api/contacts 22-02-2024_10:29:04
GET /api/contacts 22-02-2024_10:29:04
GET /api/contacts 22-02-2024_10:29:05
GET /api/contacts 22-02-2024_10:29:31
GET /api/contacts 22-02-2024_10:30:24
GET /api/contacts 22-02-2024_10:31:51
GET /public/avatars/65d761867ea54e1cdf826916_ava_bear.jpg 22-02-2024_10:46:56
PATCH /users/avatars 22-02-2024_10:49:59
PATCH /users/avatars 23-02-2024_01:09:06
PATCH /users/avatars 23-02-2024_01:17:01
PATCH /users/avatars 23-02-2024_01:21:03
PATCH /users/avatars 23-02-2024_01:22:50
PATCH /users/avatars 23-02-2024_01:25:12
PATCH /users/avatars 23-02-2024_01:29:31
PATCH /users/avatars 23-02-2024_01:31:18
PATCH /users/avatars 23-02-2024_01:31:42
PATCH /users/avatars 23-02-2024_01:33:38
PATCH /users/avatars 23-02-2024_01:37:10
PATCH /users/avatars 23-02-2024_01:38:11
PATCH /users/avatars 23-02-2024_01:40:50
PATCH /users/avatars 23-02-2024_01:41:30
PATCH /users/avatars 23-02-2024_01:41:58
PATCH /users/avatars 23-02-2024_01:44:30
PATCH /users/avatars 23-02-2024_01:46:53
PATCH /users/avatars 23-02-2024_01:57:48
POST /users/login 23-02-2024_05:41:14
POST /users/login 23-02-2024_05:41:19
POST /users/login 23-02-2024_05:41:24
OPTIONS /api/contacts 25-02-2024_05:40:35
GET /api/contacts 25-02-2024_05:40:35
POST /users/login 25-02-2024_09:36:55
POST /users/login 25-02-2024_09:37:00
POST /users/login 25-02-2024_09:37:05
POST /users/login 25-02-2024_09:39:05
POST /users/login 25-02-2024_09:39:10
POST /users/login 25-02-2024_09:39:15
POST /users/login 25-02-2024_09:42:17
POST /users/login 25-02-2024_09:42:22
POST /users/login 25-02-2024_09:42:27
POST /users/login 25-02-2024_09:47:52
POST /users/login 25-02-2024_09:47:57
POST /users/login 25-02-2024_09:48:02
POST /users/login 25-02-2024_09:50:26
POST /users/login 25-02-2024_09:51:07
POST /users/login 25-02-2024_09:51:12
POST /users/login 25-02-2024_09:51:17
POST /users/login 25-02-2024_09:54:48
POST /users/login 25-02-2024_09:54:53
POST /users/login 25-02-2024_09:54:58
POST /users/login 25-02-2024_09:55:57
POST /users/login 25-02-2024_09:57:24
POST /users/login 25-02-2024_09:57:55
POST /users/login 25-02-2024_09:58:46
POST /users/login 25-02-2024_09:59:45
POST /users/login 25-02-2024_09:59:50
POST /users/login 25-02-2024_10:01:09
POST /users/login 25-02-2024_10:01:33
POST /users/login 25-02-2024_10:01:35
POST /users/login 25-02-2024_10:02:14
POST /users/login 25-02-2024_10:03:32
POST /users/register 25-02-2024_10:05:26
POST /users/register 25-02-2024_10:05:53
POST /users/login 25-02-2024_10:06:25
POST /users/login 25-02-2024_10:07:25
POST /users/login 25-02-2024_10:07:30
POST /users/login 25-02-2024_10:08:39
POST /users/login 25-02-2024_10:09:17
POST /users/login 25-02-2024_10:09:22
POST /users/login 25-02-2024_10:14:19
POST /users/login 25-02-2024_10:14:24
POST /users/login 25-02-2024_10:15:38
POST /users/login 25-02-2024_10:15:43
POST /users/login 25-02-2024_10:15:48
POST /users/login 25-02-2024_10:17:42
POST /users/login 25-02-2024_10:17:47
POST /users/login 25-02-2024_10:23:11
POST /users/login 25-02-2024_10:23:16
POST /users/login 25-02-2024_10:25:08
POST /users/login 25-02-2024_10:25:13
POST /users/login 25-02-2024_10:26:48
POST /users/login 25-02-2024_10:26:53
POST /users/login 25-02-2024_10:30:49
POST /users/login 25-02-2024_10:31:57
POST /users/login 25-02-2024_10:32:02
POST /users/login 25-02-2024_10:33:37
POST /users/login 25-02-2024_10:43:35
POST /users/login 25-02-2024_10:48:07
POST /users/login 25-02-2024_10:48:12
POST /users/login 25-02-2024_10:58:48
POST /users/login 25-02-2024_10:58:53
POST /users/login 25-02-2024_10:59:57
POST /users/login 25-02-2024_11:00:02
POST /users/login 25-02-2024_11:02:26
POST /users/login 25-02-2024_11:02:31
POST /users/login 25-02-2024_11:03:19
POST /users/login 25-02-2024_11:03:24
POST /users/login 25-02-2024_11:03:29
POST /users/login 25-02-2024_11:07:45
POST /users/login 25-02-2024_11:07:55
POST /users/login 25-02-2024_11:08:00
POST /users/login 25-02-2024_11:11:45
POST /users/login 25-02-2024_11:13:36
POST /users/login 25-02-2024_11:13:47
POST /users/login 25-02-2024_11:13:52
POST /users/login 25-02-2024_11:15:45
POST /users/login 25-02-2024_11:16:23
POST /users/login 25-02-2024_11:16:33
POST /users/login 25-02-2024_11:16:44
POST /users/login 25-02-2024_11:17:50
POST /users/login 25-02-2024_11:19:28
POST /users/login 25-02-2024_11:19:39
POST /users/login 25-02-2024_11:19:49
POST /users/login 25-02-2024_11:23:37
POST /users/login 25-02-2024_11:23:44
POST /users/logout 25-02-2024_11:24:51
POST /users/logout 25-02-2024_11:24:58
POST /users/login 25-02-2024_11:25:07
POST /users/logout 25-02-2024_11:25:34
POST /users/login 25-02-2024_11:26:31
POST /users/login 25-02-2024_11:26:41
POST /users/login 25-02-2024_11:26:51
POST /users/login 25-02-2024_11:28:05
POST /users/login 25-02-2024_11:28:15
POST /users/login 25-02-2024_11:28:26
POST /users/login 25-02-2024_11:29:26
POST /users/login 25-02-2024_11:29:36
POST /users/login 25-02-2024_11:29:46
POST /users/login 25-02-2024_11:31:27
POST /users/login 25-02-2024_11:31:37
POST /users/login 25-02-2024_11:31:47
POST /users/login 25-02-2024_11:37:23
POST /users/login 25-02-2024_11:39:25
POST /users/login 25-02-2024_11:54:26
POST /users/logout 25-02-2024_11:55:08
POST /users/login 25-02-2024_11:58:26
POST /users/login 25-02-2024_11:59:23
POST /users/login 26-02-2024_12:00:15
POST /users/login 26-02-2024_12:00:25
POST /users/login 26-02-2024_12:05:22
POST /users/login 26-02-2024_12:06:44
POST /users/login 26-02-2024_06:34:26
POST /users/login 26-02-2024_06:34:41
POST /users/logout 26-02-2024_11:27:30
POST /users/login 26-02-2024_11:30:09
POST /users/login 26-02-2024_11:34:48
POST /users/login 26-02-2024_11:37:37
POST /users/login 26-02-2024_11:49:22
POST /users/login 27-02-2024_12:16:08
POST /users/login 27-02-2024_12:17:37
POST /users/login 27-02-2024_12:19:28
POST /users/login 27-02-2024_12:20:18
POST /users/login 27-02-2024_12:34:28
POST /users/login 27-02-2024_12:35:13
POST /users/login 27-02-2024_12:39:27
POST /users/login 27-02-2024_12:47:03
POST /users/login 27-02-2024_12:51:57
POST /users/login 27-02-2024_12:52:44
POST /users/login 27-02-2024_01:25:42
POST /users/login 27-02-2024_02:49:05
POST /users/login 27-02-2024_02:50:11
POST /users/login 27-02-2024_02:52:23
POST /users/login 27-02-2024_02:53:19
POST /users/login 27-02-2024_02:54:22
POST /users/login 27-02-2024_02:56:56
POST /users/login 27-02-2024_02:56:57
POST /users/login 27-02-2024_02:56:58
POST /users/login 27-02-2024_02:57:55
POST /users/login 27-02-2024_02:57:57
POST /users/login 27-02-2024_02:57:57
POST /users/login 27-02-2024_09:52:35
POST /users/login 27-02-2024_09:52:37
POST /users/login 27-02-2024_09:52:37
POST /users/login 27-02-2024_09:54:08
POST /users/login 27-02-2024_09:54:10
POST /users/login 27-02-2024_09:54:10
PATCH /users/avatars 27-02-2024_09:58:30
POST /users/register 27-02-2024_09:58:47
POST /users/login 27-02-2024_09:58:57
PATCH /users/avatars 27-02-2024_09:59:27
PATCH /users/avatars 27-02-2024_10:09:59
POST /users/register 27-02-2024_12:34:59
POST /users/register 27-02-2024_12:37:23
POST /users/register 27-02-2024_12:40:27
POST /users/register 27-02-2024_12:41:30
POST /users/register 27-02-2024_12:51:48
POST /users/login 27-02-2024_01:01:43
POST /users/login 27-02-2024_01:01:46
POST /users/login 27-02-2024_01:01:46
POST /users/login 27-02-2024_01:06:43
POST /users/login 27-02-2024_01:06:45
POST /users/login 27-02-2024_01:06:45
POST /users/login 27-02-2024_01:08:41
POST /users/login 27-02-2024_01:08:42
POST /users/login 27-02-2024_01:08:43
POST /users/login 27-02-2024_01:15:48
POST /users/login 27-02-2024_01:15:50
POST /users/login 27-02-2024_01:15:50
POST /users/login 27-02-2024_01:19:29
POST /users/login 27-02-2024_01:19:31
POST /users/login 27-02-2024_01:19:31
POST /users/login 27-02-2024_01:24:20
POST /users/login 27-02-2024_01:24:22
POST /users/login 27-02-2024_01:24:22
POST /users/login 27-02-2024_01:25:22
POST /users/login 27-02-2024_01:25:24
POST /users/login 27-02-2024_01:25:24
GET /home 27-02-2024_03:21:14
GET /home.html 27-02-2024_03:22:02
GET /favicon.ico 27-02-2024_03:22:03
GET /home 27-02-2024_03:24:09
GET /home 27-02-2024_03:27:21
GET /home 27-02-2024_03:30:17
GET /home 27-02-2024_03:30:54
POST /users/register 27-02-2024_03:32:05
GET /home 27-02-2024_03:32:38
GET /home 27-02-2024_03:33:59
GET /home 27-02-2024_03:37:58
GET /css/main.css 27-02-2024_03:37:59
GET /contacts 27-02-2024_03:41:18
GET /contacts 27-02-2024_03:43:14
GET /contacts 27-02-2024_03:43:15
GET /contacts 27-02-2024_03:43:37
GET /css/main.css 27-02-2024_03:43:38
GET /home 27-02-2024_03:43:43
GET /css/main.css 27-02-2024_03:43:43
GET /contacts 27-02-2024_03:43:45
GET /css/main.css 27-02-2024_03:43:45
GET /home 27-02-2024_03:43:46
GET /css/main.css 27-02-2024_03:43:47
GET /contacts 27-02-2024_03:43:48
GET /css/main.css 27-02-2024_03:43:49
GET /home 27-02-2024_03:43:49
GET /css/main.css 27-02-2024_03:43:50
GET /contacts 27-02-2024_03:43:51
GET /css/main.css 27-02-2024_03:43:52
GET /home 27-02-2024_03:43:53
GET /css/main.css 27-02-2024_03:43:54
GET /contacts 27-02-2024_03:43:55
GET /css/main.css 27-02-2024_03:43:55
GET /home 27-02-2024_03:43:56
GET /css/main.css 27-02-2024_03:43:57
GET /contacts 27-02-2024_03:43:58
GET /css/main.css 27-02-2024_03:43:59
GET /home 27-02-2024_03:44:00
GET /css/main.css 27-02-2024_03:44:01
GET /contacts 27-02-2024_03:44:02
GET /css/main.css 27-02-2024_03:44:02
GET /home 27-02-2024_03:44:03
GET /css/main.css 27-02-2024_03:44:04
GET /contacts 27-02-2024_03:44:05
GET /css/main.css 27-02-2024_03:44:06
GET /home 27-02-2024_03:44:08
GET /css/main.css 27-02-2024_03:44:09
GET /contacts 27-02-2024_03:44:09
GET /css/main.css 27-02-2024_03:44:10
GET /home 27-02-2024_03:44:11
GET /css/main.css 27-02-2024_03:44:11
GET /contacts 27-02-2024_03:44:12
GET /css/main.css 27-02-2024_03:44:13
GET /home 27-02-2024_03:44:14
GET /css/main.css 27-02-2024_03:44:14
GET /contacts 27-02-2024_04:40:07
GET /contacts 27-02-2024_04:42:46
GET /contacts 27-02-2024_04:42:57
GET /contacts 27-02-2024_04:53:58
GET /contacts 27-02-2024_04:55:04
GET /contacts 27-02-2024_04:55:10
GET /contacts 27-02-2024_04:55:38
GET /contacts 27-02-2024_04:56:43
GET /contacts 27-02-2024_04:56:49
GET /contacts 27-02-2024_04:57:13
GET /contacts 27-02-2024_04:57:53
GET /contacts 27-02-2024_04:59:42
GET /contacts 27-02-2024_05:00:22
GET /contacts 27-02-2024_05:00:42
GET /contacts 27-02-2024_05:05:42
GET /css/main.css 27-02-2024_05:05:44
GET /contacts 27-02-2024_05:06:04
GET /css/main.css 27-02-2024_05:06:04
GET /home 27-02-2024_05:06:13
GET /css/main.css 27-02-2024_05:06:14
GET /contacts 27-02-2024_05:06:15
GET /css/main.css 27-02-2024_05:06:16
GET /contacts 27-02-2024_05:09:15
GET /css/main.css 27-02-2024_05:09:17
GET /contacts 27-02-2024_05:09:19
GET /css/main.css 27-02-2024_05:09:20
GET /home 27-02-2024_05:09:20
GET /css/main.css 27-02-2024_05:09:21
GET /contacts 27-02-2024_05:09:22
GET /css/main.css 27-02-2024_05:09:22
GET /contacts 27-02-2024_05:11:21
GET /css/main.css 27-02-2024_05:11:23
GET /contacts 27-02-2024_05:12:07
GET /css/main.css 27-02-2024_05:12:08
GET /contacts 27-02-2024_05:13:17
GET /css/main.css 27-02-2024_05:13:17
GET /contacts 27-02-2024_05:13:46
GET /css/main.css 27-02-2024_05:13:47
GET /contacts 27-02-2024_05:14:17
GET /css/main.css 27-02-2024_05:14:18
GET /contacts 27-02-2024_05:14:22
GET /css/main.css 27-02-2024_05:14:22
GET /contacts 27-02-2024_05:15:50
GET /css/main.css 27-02-2024_05:15:51
GET /contacts 27-02-2024_05:15:59
GET /css/main.css 27-02-2024_05:15:59
GET /contacts 27-02-2024_05:18:38
GET /css/main.css 27-02-2024_05:18:40
GET /contacts 27-02-2024_05:18:43
GET /css/main.css 27-02-2024_05:18:43
GET /css/main.css 27-02-2024_05:18:54
GET /contacts 27-02-2024_05:20:07
GET /css/main.css 27-02-2024_05:20:08
GET /contacts 27-02-2024_05:20:10
GET /css/main.css 27-02-2024_05:20:11
GET /contacts 27-02-2024_05:20:15
GET /css/main.css 27-02-2024_05:20:16
GET /contacts 27-02-2024_05:23:23
GET /css/main.css 27-02-2024_05:23:25
GET /contacts 27-02-2024_05:23:47
GET /css/main.css 27-02-2024_05:23:48
GET /contacts 27-02-2024_05:24:16
GET /css/main.css 27-02-2024_05:24:17
GET /contacts 27-02-2024_05:25:46
GET /css/main.css 27-02-2024_05:25:47
GET /contacts 27-02-2024_05:27:04
GET /css/main.css 27-02-2024_05:27:05
GET /contacts 27-02-2024_05:27:28
GET /css/main.css 27-02-2024_05:27:29
GET /contacts 27-02-2024_05:27:46
GET /css/main.css 27-02-2024_05:27:47
GET /contacts 27-02-2024_05:28:09
GET /css/main.css 27-02-2024_05:28:11
GET /contacts 27-02-2024_05:29:52
GET /css/main.css 27-02-2024_05:29:53
GET /contacts 27-02-2024_05:30:20
GET /css/main.css 27-02-2024_05:30:21
GET /contacts 27-02-2024_05:36:04
GET /contacts 27-02-2024_05:37:09
GET /contacts 27-02-2024_05:38:13
GET /css/main.css 27-02-2024_05:38:14
POST /api/contacts/ 27-02-2024_05:39:47
POST /api/contacts/ 27-02-2024_05:40:16
POST /users/register 27-02-2024_05:40:39
POST /users/login 27-02-2024_05:40:57
POST /api/contacts/ 27-02-2024_05:41:18
GET /contacts 27-02-2024_05:41:21
GET /css/main.css 27-02-2024_05:41:22
POST /api/contacts/ 27-02-2024_05:41:57
GET /contacts 27-02-2024_05:42:00
GET /css/main.css 27-02-2024_05:42:01
GET /home 27-02-2024_05:42:20
GET /css/main.css 27-02-2024_05:42:20
GET /contacts 27-02-2024_05:42:27
GET /css/main.css 27-02-2024_05:42:28
POST /users/register 29-02-2024_12:42:39
POST /users/register 29-02-2024_12:48:48
POST /users/register 29-02-2024_12:58:44
POST /users/register 29-02-2024_01:26:19
POST /users/register 29-02-2024_01:27:07
GET /users/verify/-N0UWGcP7OzZ0lUZoDwQg 29-02-2024_01:27:48
POST /users/register 29-02-2024_03:35:22
GET /users/verify/MWhs8T9WOWgilbiKmEj_z 29-02-2024_03:36:40
POST /users/login 29-02-2024_03:40:20
POST /users/login 29-02-2024_03:41:08